Mar 14 00:00:32 ubuntu-sandbox systemd[1]: Starting Rotate log files...
Mar 14 00:00:32 ubuntu-sandbox systemd[1]: Starting Daily man-db regeneration...
Mar 14 00:00:32 ubuntu-sandbox systemd[1]: Stopping Make remote CUPS printers available locally...
Mar 14 00:00:32 ubuntu-sandbox systemd[1]: cups-browsed.service: Succeeded.
Mar 14 00:00:32 ubuntu-sandbox systemd[1]: Stopped Make remote CUPS printers available locally.
Mar 14 00:00:32 ubuntu-sandbox systemd[1]: Stopping CUPS Scheduler...
Mar 14 00:00:32 ubuntu-sandbox systemd[1]: cups.service: Succeeded.
Mar 14 00:00:32 ubuntu-sandbox systemd[1]: Stopped CUPS Scheduler.
Mar 14 00:00:32 ubuntu-sandbox systemd[1]: cups.path: Succeeded.
Mar 14 00:00:32 ubuntu-sandbox systemd[1]: Stopped CUPS Scheduler.
Mar 14 00:00:32 ubuntu-sandbox systemd[1]: Stopping CUPS Scheduler.
Mar 14 00:00:32 ubuntu-sandbox systemd[1]: Started CUPS Scheduler.
Mar 14 00:00:32 ubuntu-sandbox systemd[1]: cups.socket: Succeeded.
Mar 14 00:00:32 ubuntu-sandbox systemd[1]: Closed CUPS Scheduler.
Mar 14 00:00:32 ubuntu-sandbox systemd[1]: Stopping CUPS Scheduler.
Mar 14 00:00:32 ubuntu-sandbox systemd[1]: Listening on CUPS Scheduler.
Mar 14 00:00:32 ubuntu-sandbox systemd[1]: Started CUPS Scheduler.
Mar 14 00:00:32 ubuntu-sandbox systemd[1]: Started Make remote CUPS printers available locally.
Mar 14 00:00:32 ubuntu-sandbox rsyslogd[24848]: [origin software="rsyslogd" swVersion="8.2001.0" x-pid="24848" x-info="https://www.rsyslog.com"] rsyslogd was HUPed
Mar 14 00:00:32 ubuntu-sandbox systemd[1]: logrotate.service: Succeeded.
Mar 14 00:00:32 ubuntu-sandbox systemd[1]: Finished Rotate log files.
Mar 14 00:00:32 ubuntu-sandbox systemd[1]: man-db.service: Succeeded.
Mar 14 00:00:32 ubuntu-sandbox systemd[1]: Finished Daily man-db regeneration.
